<?xml version="1.0" encoding="UTF-8"?>
<!-- Generated by org.testng.reporters.JUnitReportReporter -->
<testsuite skipped="0" hostname="EPMXGUAW0506" name="com.testautomation.TestRunner.TestRunner" tests="2" failures="0" timestamp="2019-09-10T15:53:11 CDT" time="23.420" errors="0">
  <testcase name="feature" time="11.750" classname="com.testautomation.TestRunner.TestRunner"/>
  <testcase name="feature" time="11.670" classname="com.testautomation.TestRunner.TestRunner"/>
</testsuite> <!-- com.testautomation.TestRunner.TestRunner -->
