<?xml version="1.0" encoding="UTF-8"?>
<!-- Generated by org.testng.reporters.JUnitReportReporter -->
<testsuite skipped="0" hostname="EPMXGUAW0506" name="com.testautomation.TestRunner.TestRunner" tests="2" failures="0" timestamp="2019-09-11T14:05:05 CDT" time="31.513" errors="0">
  <testcase name="feature" time="11.118" classname="com.testautomation.TestRunner.TestRunner"/>
  <testcase name="feature" time="20.395" classname="com.testautomation.TestRunner.TestRunner"/>
</testsuite> <!-- com.testautomation.TestRunner.TestRunner -->
