<?xml version="1.0" encoding="UTF-8"?>
<!-- Generated by org.testng.reporters.JUnitReportReporter -->
<testsuite skipped="0" hostname="EPMXGUAW0506" name="com.testautomation.TestRunner.TestRunner" tests="2" failures="0" timestamp="2019-09-11T10:10:16 CDT" time="22.246" errors="0">
  <testcase name="feature" time="11.110" classname="com.testautomation.TestRunner.TestRunner"/>
  <testcase name="feature" time="11.136" classname="com.testautomation.TestRunner.TestRunner"/>
</testsuite> <!-- com.testautomation.TestRunner.TestRunner -->
