<?xml version="1.0" encoding="UTF-8"?>
<!-- Generated by org.testng.reporters.JUnitReportReporter -->
<testsuite skipped="0" hostname="EPMXGUAW0506" name="com.testautomation.TestRunner.TestRunner" tests="2" failures="0" timestamp="23 ago 2019 21:01:45 GMT" time="50.288" errors="0">
  <testcase name="runScenario" time="25.144" classname="com.testautomation.TestRunner.TestRunner"/>
  <testcase name="runScenario" time="25.144" classname="com.testautomation.TestRunner.TestRunner"/>
</testsuite> <!-- com.testautomation.TestRunner.TestRunner -->
