<?xml version="1.0" encoding="UTF-8"?>
<!-- Generated by org.testng.reporters.JUnitReportReporter -->
<testsuite skipped="0" hostname="EPMXGUAW0506" name="com.testautomation.TestRunner.TestRunner" tests="2" failures="0" timestamp="2019-09-04T16:19:57 CDT" time="32.726" errors="0">
  <testcase name="feature" time="16.271" classname="com.testautomation.TestRunner.TestRunner"/>
  <testcase name="feature" time="16.455" classname="com.testautomation.TestRunner.TestRunner"/>
</testsuite> <!-- com.testautomation.TestRunner.TestRunner -->
