<?xml version="1.0" encoding="UTF-8"?>
<!-- Generated by org.testng.reporters.JUnitReportReporter -->
<testsuite skipped="0" hostname="EPMXGUAW0354" name="com.testautomation.TestRunner.TestRunner" tests="1" failures="0" timestamp="22 Aug 2019 22:08:30 GMT" time="12.257" errors="0">
  <testcase name="runScenario" time="12.257" classname="com.testautomation.TestRunner.TestRunner"/>
</testsuite> <!-- com.testautomation.TestRunner.TestRunner -->
