<?xml version="1.0" encoding="UTF-8"?>
<!-- Generated by org.testng.reporters.JUnitReportReporter -->
<testsuite skipped="0" hostname="EPMXGUAW0506" name="com.testautomation.TestRunner.TestRunner" tests="2" failures="0" timestamp="2019-09-09T16:57:11 CDT" time="24.702" errors="0">
  <testcase name="feature" time="12.351" classname="com.testautomation.TestRunner.TestRunner"/>
  <testcase name="feature" time="12.351" classname="com.testautomation.TestRunner.TestRunner"/>
</testsuite> <!-- com.testautomation.TestRunner.TestRunner -->
