<?xml version="1.0" encoding="UTF-8"?>
<!-- Generated by org.testng.reporters.JUnitReportReporter -->
<testsuite skipped="0" hostname="EPMXGUAW0506" name="com.testautomation.TestRunner.TestRunner" tests="2" failures="0" timestamp="2019-09-12T10:16:18 CDT" time="21.143" errors="0">
  <testcase name="feature" time="9.439" classname="com.testautomation.TestRunner.TestRunner"/>
  <testcase name="feature" time="11.704" classname="com.testautomation.TestRunner.TestRunner"/>
</testsuite> <!-- com.testautomation.TestRunner.TestRunner -->
